mode: set
awesomeProject/writers/ReliableWriter.go:43.123,64.2 3 1
awesomeProject/writers/ReliableWriter.go:66.40,67.9 1 1
awesomeProject/writers/ReliableWriter.go:68.36,68.36 0 1
awesomeProject/writers/ReliableWriter.go:69.10,69.10 0 1
awesomeProject/writers/ReliableWriter.go:73.81,74.9 1 1
awesomeProject/writers/ReliableWriter.go:75.24,76.13 1 1
awesomeProject/writers/ReliableWriter.go:77.20,78.19 1 0
awesomeProject/writers/ReliableWriter.go:82.50,83.9 1 1
awesomeProject/writers/ReliableWriter.go:84.40,84.40 0 1
awesomeProject/writers/ReliableWriter.go:85.10,85.10 0 1
awesomeProject/writers/ReliableWriter.go:89.76,90.9 1 0
awesomeProject/writers/ReliableWriter.go:91.28,92.13 1 0
awesomeProject/writers/ReliableWriter.go:93.20,94.19 1 0
awesomeProject/writers/ReliableWriter.go:98.89,99.19 1 1
awesomeProject/writers/ReliableWriter.go:99.19,101.3 1 0
awesomeProject/writers/ReliableWriter.go:103.2,109.51 3 1
awesomeProject/writers/ReliableWriter.go:109.51,111.3 1 0
awesomeProject/writers/ReliableWriter.go:113.2,113.32 1 1
awesomeProject/writers/ReliableWriter.go:113.32,115.37 2 1
awesomeProject/writers/ReliableWriter.go:115.37,116.9 1 0
awesomeProject/writers/ReliableWriter.go:119.3,121.42 3 1
awesomeProject/writers/ReliableWriter.go:123.2,128.37 3 1
awesomeProject/writers/ReliableWriter.go:128.37,131.17 2 1
awesomeProject/writers/ReliableWriter.go:131.17,133.4 1 0
awesomeProject/writers/ReliableWriter.go:137.2,137.12 1 1
awesomeProject/writers/ReliableWriter.go:140.67,144.31 4 1
awesomeProject/writers/ReliableWriter.go:144.31,146.3 1 1
awesomeProject/writers/ReliableWriter.go:147.2,149.16 2 1
awesomeProject/writers/ReliableWriter.go:149.16,151.3 1 0
awesomeProject/writers/ReliableWriter.go:152.2,152.15 1 1
awesomeProject/writers/ReliableWriter.go:152.15,154.3 1 0
awesomeProject/writers/ReliableWriter.go:156.2,159.102 2 1
awesomeProject/writers/ReliableWriter.go:159.102,160.10 1 1
awesomeProject/writers/ReliableWriter.go:161.21,162.20 1 0
awesomeProject/writers/ReliableWriter.go:163.31,164.18 1 1
awesomeProject/writers/ReliableWriter.go:164.18,166.5 1 0
awesomeProject/writers/ReliableWriter.go:167.4,167.14 1 1
awesomeProject/writers/ReliableWriter.go:171.2,171.16 1 1
awesomeProject/writers/ReliableWriter.go:171.16,173.3 1 0
awesomeProject/writers/ReliableWriter.go:175.2,175.24 1 1
awesomeProject/writers/ReliableWriter.go:175.24,176.27 1 0
awesomeProject/writers/ReliableWriter.go:180.2,181.98 2 1
awesomeProject/writers/ReliableWriter.go:181.98,184.17 3 1
awesomeProject/writers/ReliableWriter.go:184.17,186.4 1 0
awesomeProject/writers/ReliableWriter.go:187.3,187.13 1 1
awesomeProject/writers/ReliableWriter.go:190.2,190.16 1 1
awesomeProject/writers/ReliableWriter.go:190.16,192.3 1 0
awesomeProject/writers/ReliableWriter.go:194.2,197.12 3 1
awesomeProject/writers/ReliableWriter.go:200.58,202.95 1 0
awesomeProject/writers/ReliableWriter.go:202.95,205.3 2 0
awesomeProject/writers/ReliableWriter.go:207.2,214.9 7 0
awesomeProject/writers/ReliableWriter.go:215.20,215.20 0 0
awesomeProject/writers/ReliableWriter.go:216.27,216.27 0 0
awesomeProject/writers/ReliableWriter.go:219.2,219.41 1 0
awesomeProject/writers/ReliableWriter.go:222.66,223.12 1 1
awesomeProject/writers/ReliableWriter.go:223.12,226.7 3 1
awesomeProject/writers/ReliableWriter.go:226.7,227.11 1 1
awesomeProject/writers/ReliableWriter.go:228.30,231.19 3 1
awesomeProject/writers/ReliableWriter.go:231.19,235.6 3 1
awesomeProject/writers/ReliableWriter.go:237.22,240.11 3 0
awesomeProject/writers/ReliableWriter.go:246.99,247.25 1 1
awesomeProject/writers/ReliableWriter.go:247.25,252.19 4 1
awesomeProject/writers/ReliableWriter.go:252.19,255.4 2 0
awesomeProject/writers/ReliableWriter.go:257.3,259.16 3 1
awesomeProject/writers/ReliableWriter.go:259.16,261.4 1 1
awesomeProject/writers/ReliableWriter.go:261.9,263.4 1 1
awesomeProject/writers/ReliableWriter.go:264.3,265.17 2 1
awesomeProject/writers/ReliableWriter.go:265.17,266.9 1 0
awesomeProject/writers/ReliableWriter.go:269.3,271.40 2 1
awesomeProject/writers/ReliableWriter.go:271.40,273.4 1 1
awesomeProject/writers/ReliableWriter.go:275.3,279.17 4 1
awesomeProject/writers/ReliableWriter.go:279.17,281.55 2 0
awesomeProject/writers/ReliableWriter.go:281.55,283.13 2 0
awesomeProject/writers/ReliableWriter.go:285.4,287.20 3 0
awesomeProject/writers/ReliableWriter.go:289.3,291.13 2 1
awesomeProject/writers/ReliableWriter.go:291.13,294.4 2 1
awesomeProject/writers/ReliableWriter.go:296.2,296.19 1 0
awesomeProject/writers/ReliableWriter.go:299.158,304.16 4 1
awesomeProject/writers/ReliableWriter.go:304.16,306.3 1 0
awesomeProject/writers/ReliableWriter.go:308.2,308.31 1 1
awesomeProject/writers/ReliableWriter.go:308.31,309.31 1 0
awesomeProject/writers/ReliableWriter.go:309.31,311.4 1 0
awesomeProject/writers/ReliableWriter.go:312.3,315.28 4 0
awesomeProject/writers/ReliableWriter.go:318.2,318.41 1 1
awesomeProject/writers/ReliableWriter.go:318.41,322.41 2 1
awesomeProject/writers/ReliableWriter.go:322.41,327.4 4 1
awesomeProject/writers/ReliableWriter.go:329.3,334.17 5 1
awesomeProject/writers/ReliableWriter.go:334.17,336.56 2 1
awesomeProject/writers/ReliableWriter.go:336.56,338.5 1 0
awesomeProject/writers/ReliableWriter.go:340.4,343.50 3 1
awesomeProject/writers/ReliableWriter.go:343.50,345.5 1 0
awesomeProject/writers/ReliableWriter.go:347.4,348.24 2 1
awesomeProject/writers/ReliableWriter.go:348.24,350.20 2 0
awesomeProject/writers/ReliableWriter.go:350.20,353.6 2 0
awesomeProject/writers/ReliableWriter.go:354.10,355.36 1 1
awesomeProject/writers/ReliableWriter.go:355.36,359.6 3 1
awesomeProject/writers/ReliableWriter.go:362.4,364.44 2 1
awesomeProject/writers/ReliableWriter.go:364.44,366.5 1 0
awesomeProject/writers/ReliableWriter.go:368.4,368.11 1 1
awesomeProject/writers/ReliableWriter.go:369.22,370.35 1 0
awesomeProject/writers/ReliableWriter.go:371.31,372.13 1 1
awesomeProject/writers/ReliableWriter.go:376.3,379.41 3 1
awesomeProject/writers/ReliableWriter.go:379.41,380.12 1 0
awesomeProject/writers/ReliableWriter.go:384.2,384.26 1 1
awesomeProject/writers/ScatterGatherBuffer.go:14.51,19.2 1 1
awesomeProject/writers/ScatterGatherBuffer.go:21.57,22.22 1 1
awesomeProject/writers/ScatterGatherBuffer.go:22.22,24.3 1 0
awesomeProject/writers/ScatterGatherBuffer.go:25.2,26.33 2 1
awesomeProject/writers/ScatterGatherBuffer.go:29.73,30.47 1 0
awesomeProject/writers/ScatterGatherBuffer.go:30.47,32.3 1 0
awesomeProject/writers/ScatterGatherBuffer.go:35.149,36.36 1 1
awesomeProject/writers/ScatterGatherBuffer.go:36.36,38.3 1 0
awesomeProject/writers/ScatterGatherBuffer.go:40.2,43.21 3 1
awesomeProject/writers/ScatterGatherBuffer.go:43.21,50.21 6 1
awesomeProject/writers/ScatterGatherBuffer.go:50.21,51.9 1 1
awesomeProject/writers/ScatterGatherBuffer.go:54.3,54.42 1 1
awesomeProject/writers/ScatterGatherBuffer.go:54.42,57.4 2 1
awesomeProject/writers/ScatterGatherBuffer.go:60.2,62.91 2 1
awesomeProject/writers/ScatterGatherBuffer.go:62.91,63.26 1 0
awesomeProject/writers/ScatterGatherBuffer.go:65.2,65.28 1 1
awesomeProject/writers/ScatterGatherBuffer.go:65.28,66.26 1 0
awesomeProject/writers/ScatterGatherBuffer.go:68.2,68.33 1 1
awesomeProject/writers/ScatterGatherBuffer.go:68.33,69.21 1 0
awesomeProject/writers/ScatterGatherBuffer.go:71.2,74.24 3 1
awesomeProject/writers/ScatterGatherBuffer.go:77.45,80.40 2 1
awesomeProject/writers/ScatterGatherBuffer.go:80.40,83.3 2 1
awesomeProject/writers/ScatterGatherBuffer.go:85.2,85.30 1 1
awesomeProject/writers/ScatterGatherBuffer.go:85.30,86.102 1 0
awesomeProject/writers/ScatterGatherBuffer.go:90.107,93.45 2 1
awesomeProject/writers/ScatterGatherBuffer.go:93.45,97.31 3 1
awesomeProject/writers/ScatterGatherBuffer.go:97.31,100.4 2 1
awesomeProject/writers/ScatterGatherBuffer.go:100.9,105.4 4 0
awesomeProject/writers/ScatterGatherBuffer.go:108.2,108.19 1 1
awesomeProject/writers/ScatterGatherBuffer.go:111.107,114.45 2 1
awesomeProject/writers/ScatterGatherBuffer.go:114.45,118.30 3 1
awesomeProject/writers/ScatterGatherBuffer.go:118.30,121.4 2 1
awesomeProject/writers/ScatterGatherBuffer.go:121.9,126.4 4 0
awesomeProject/writers/ScatterGatherBuffer.go:129.2,129.19 1 1
awesomeProject/writers/ScatterGatherBuffer.go:132.62,135.2 2 1
awesomeProject/writers/ScatterGatherBuffer.go:137.48,139.2 1 1
awesomeProject/writers/ScatterGatherBuffer.go:141.64,144.12 2 1
awesomeProject/writers/ScatterGatherBuffer.go:144.12,147.41 2 1
awesomeProject/writers/ScatterGatherBuffer.go:147.41,150.18 3 1
awesomeProject/writers/ScatterGatherBuffer.go:150.18,153.5 2 0
awesomeProject/writers/ScatterGatherBuffer.go:157.2,157.15 1 1
awesomeProject/writers/ScatterGatherBuffer.go:160.58,163.47 2 1
awesomeProject/writers/ScatterGatherBuffer.go:163.47,167.33 3 1
awesomeProject/writers/ScatterGatherBuffer.go:167.33,169.4 1 1
awesomeProject/writers/ScatterGatherBuffer.go:169.9,173.4 3 1
awesomeProject/writers/ScatterGatherBuffer.go:176.2,176.21 1 1
awesomeProject/writers/UnreliableGCSWriter.go:23.145,25.16 2 1
awesomeProject/writers/UnreliableGCSWriter.go:25.16,27.3 1 0
awesomeProject/writers/UnreliableGCSWriter.go:28.2,29.16 2 1
awesomeProject/writers/UnreliableGCSWriter.go:29.16,31.3 1 0
awesomeProject/writers/UnreliableGCSWriter.go:32.2,39.8 1 1
awesomeProject/writers/UnreliableGCSWriter.go:42.136,43.19 1 1
awesomeProject/writers/UnreliableGCSWriter.go:43.19,45.3 1 0
awesomeProject/writers/UnreliableGCSWriter.go:47.2,50.16 3 1
awesomeProject/writers/UnreliableGCSWriter.go:50.16,52.3 1 0
awesomeProject/writers/UnreliableGCSWriter.go:53.2,53.14 1 1
awesomeProject/writers/UnreliableGCSWriter.go:53.14,56.3 2 0
awesomeProject/writers/UnreliableGCSWriter.go:58.2,60.33 2 1
awesomeProject/writers/UnreliableGCSWriter.go:60.33,65.3 1 1
awesomeProject/writers/UnreliableGCSWriter.go:67.2,69.13 2 1
awesomeProject/writers/UnreliableGCSWriter.go:69.13,73.32 2 1
awesomeProject/writers/UnreliableGCSWriter.go:73.32,75.24 2 0
awesomeProject/writers/UnreliableGCSWriter.go:75.24,77.5 1 0
awesomeProject/writers/UnreliableGCSWriter.go:78.4,80.18 3 0
awesomeProject/writers/UnreliableGCSWriter.go:80.18,82.5 1 0
awesomeProject/writers/UnreliableGCSWriter.go:83.4,84.24 2 0
awesomeProject/writers/UnreliableGCSWriter.go:87.3,89.23 3 1
awesomeProject/writers/UnreliableGCSWriter.go:89.23,91.4 1 0
awesomeProject/writers/UnreliableGCSWriter.go:92.3,93.31 2 1
awesomeProject/writers/UnreliableGCSWriter.go:96.2,97.16 2 1
awesomeProject/writers/UnreliableGCSWriter.go:97.16,99.23 2 1
awesomeProject/writers/UnreliableGCSWriter.go:99.23,101.19 2 1
awesomeProject/writers/UnreliableGCSWriter.go:101.19,103.5 1 0
awesomeProject/writers/UnreliableGCSWriter.go:104.4,104.33 1 1
awesomeProject/writers/UnreliableGCSWriter.go:105.9,105.25 1 0
awesomeProject/writers/UnreliableGCSWriter.go:105.25,107.4 1 0
awesomeProject/writers/UnreliableGCSWriter.go:108.3,108.22 1 1
awesomeProject/writers/UnreliableGCSWriter.go:111.2,112.18 2 1
awesomeProject/writers/UnreliableGCSWriter.go:115.85,116.19 1 1
awesomeProject/writers/UnreliableGCSWriter.go:116.19,118.3 1 0
awesomeProject/writers/UnreliableGCSWriter.go:120.2,121.16 2 1
awesomeProject/writers/UnreliableGCSWriter.go:121.16,123.3 1 0
awesomeProject/writers/UnreliableGCSWriter.go:124.2,124.14 1 1
awesomeProject/writers/UnreliableGCSWriter.go:124.14,126.3 1 1
awesomeProject/writers/UnreliableGCSWriter.go:127.2,128.27 2 1
awesomeProject/writers/UnreliableGCSWriter.go:131.60,134.2 2 0
awesomeProject/writers/UnreliableLocalWriter.go:20.80,22.16 2 0
awesomeProject/writers/UnreliableLocalWriter.go:22.16,24.3 1 0
awesomeProject/writers/UnreliableLocalWriter.go:25.2,30.8 1 0
awesomeProject/writers/UnreliableLocalWriter.go:33.138,34.33 1 0
awesomeProject/writers/UnreliableLocalWriter.go:34.33,35.104 1 0
awesomeProject/writers/UnreliableLocalWriter.go:38.2,38.19 1 0
awesomeProject/writers/UnreliableLocalWriter.go:38.19,40.3 1 0
awesomeProject/writers/UnreliableLocalWriter.go:42.2,47.26 5 0
awesomeProject/writers/UnreliableLocalWriter.go:47.26,50.32 3 0
awesomeProject/writers/UnreliableLocalWriter.go:50.32,52.4 1 0
awesomeProject/writers/UnreliableLocalWriter.go:55.3,56.34 2 0
awesomeProject/writers/UnreliableLocalWriter.go:56.34,59.4 2 0
awesomeProject/writers/UnreliableLocalWriter.go:61.3,61.13 1 0
awesomeProject/writers/UnreliableLocalWriter.go:61.13,62.9 1 0
awesomeProject/writers/UnreliableLocalWriter.go:65.3,65.27 1 0
awesomeProject/writers/UnreliableLocalWriter.go:65.27,68.4 2 0
awesomeProject/writers/UnreliableLocalWriter.go:71.3,75.17 4 0
awesomeProject/writers/UnreliableLocalWriter.go:75.17,78.4 2 0
awesomeProject/writers/UnreliableLocalWriter.go:80.3,80.27 1 0
awesomeProject/writers/UnreliableLocalWriter.go:83.2,85.12 2 0
awesomeProject/writers/UnreliableLocalWriter.go:85.12,87.3 1 0
awesomeProject/writers/UnreliableLocalWriter.go:89.2,89.26 1 0
awesomeProject/writers/UnreliableLocalWriter.go:92.85,93.19 1 0
awesomeProject/writers/UnreliableLocalWriter.go:93.19,95.3 1 0
awesomeProject/writers/UnreliableLocalWriter.go:96.2,96.27 1 0
awesomeProject/writers/UnreliableLocalWriter.go:99.60,101.21 2 0
awesomeProject/writers/UnreliableLocalWriter.go:101.21,103.3 1 0
awesomeProject/writers/UnreliableProxyWriter.go:23.104,25.16 2 0
awesomeProject/writers/UnreliableProxyWriter.go:25.16,27.3 1 0
awesomeProject/writers/UnreliableProxyWriter.go:29.2,38.56 2 0
awesomeProject/writers/UnreliableProxyWriter.go:38.56,41.3 2 0
awesomeProject/writers/UnreliableProxyWriter.go:43.2,43.17 1 0
awesomeProject/writers/UnreliableProxyWriter.go:46.69,65.69 9 0
awesomeProject/writers/UnreliableProxyWriter.go:65.69,67.3 1 0
awesomeProject/writers/UnreliableProxyWriter.go:68.2,68.70 1 0
awesomeProject/writers/UnreliableProxyWriter.go:68.70,70.3 1 0
awesomeProject/writers/UnreliableProxyWriter.go:71.2,74.61 3 0
awesomeProject/writers/UnreliableProxyWriter.go:74.61,76.3 1 0
awesomeProject/writers/UnreliableProxyWriter.go:78.2,78.12 1 0
awesomeProject/writers/UnreliableProxyWriter.go:81.138,82.19 1 0
awesomeProject/writers/UnreliableProxyWriter.go:82.19,84.3 1 0
awesomeProject/writers/UnreliableProxyWriter.go:85.2,85.37 1 0
awesomeProject/writers/UnreliableProxyWriter.go:85.37,89.3 3 0
awesomeProject/writers/UnreliableProxyWriter.go:90.2,91.15 2 0
awesomeProject/writers/UnreliableProxyWriter.go:91.15,93.3 1 0
awesomeProject/writers/UnreliableProxyWriter.go:95.2,112.69 7 0
awesomeProject/writers/UnreliableProxyWriter.go:112.69,115.3 2 0
awesomeProject/writers/UnreliableProxyWriter.go:116.2,116.73 1 0
awesomeProject/writers/UnreliableProxyWriter.go:116.73,119.3 2 0
awesomeProject/writers/UnreliableProxyWriter.go:121.2,122.51 2 0
awesomeProject/writers/UnreliableProxyWriter.go:122.51,125.3 2 0
awesomeProject/writers/UnreliableProxyWriter.go:127.2,129.16 3 0
awesomeProject/writers/UnreliableProxyWriter.go:129.16,132.3 2 0
awesomeProject/writers/UnreliableProxyWriter.go:133.2,139.15 5 0
awesomeProject/writers/UnreliableProxyWriter.go:142.87,143.19 1 0
awesomeProject/writers/UnreliableProxyWriter.go:143.19,145.3 1 0
awesomeProject/writers/UnreliableProxyWriter.go:146.2,155.69 4 0
awesomeProject/writers/UnreliableProxyWriter.go:155.69,157.3 1 0
awesomeProject/writers/UnreliableProxyWriter.go:159.2,160.51 2 0
awesomeProject/writers/UnreliableProxyWriter.go:160.51,162.3 1 0
awesomeProject/writers/UnreliableProxyWriter.go:164.2,165.75 2 0
awesomeProject/writers/UnreliableProxyWriter.go:165.75,167.3 1 0
awesomeProject/writers/UnreliableProxyWriter.go:169.2,170.26 2 0
awesomeProject/writers/UnreliableProxyWriter.go:173.62,174.19 1 0
awesomeProject/writers/UnreliableProxyWriter.go:174.19,176.3 1 0
awesomeProject/writers/UnreliableProxyWriter.go:177.2,187.69 5 0
awesomeProject/writers/UnreliableProxyWriter.go:187.69,190.3 2 0
awesomeProject/writers/UnreliableProxyWriter.go:192.2,193.51 2 0
awesomeProject/writers/UnreliableProxyWriter.go:193.51,195.3 1 0
awesomeProject/writers/UnreliableProxyWriter.go:198.30,199.7 1 0
awesomeProject/writers/UnreliableProxyWriter.go:199.7,201.3 1 0
awesomeProject/writers/UnreliableProxyWriter.go:202.2,202.10 1 0
